<?xml version="1.0" encoding="UTF-8"?>
<testng-results skipped="1" failed="1" total="14" passed="12">
  <reporter-output>
  </reporter-output>
  <suite name="My suite" duration-ms="0" started-at="2015-10-02T13:45:47Z" finished-at="2015-10-02T13:45:47Z">
    <groups>
    </groups>
  </suite> <!-- My suite -->
  <suite name="Suite Demo" duration-ms="184236" started-at="2015-10-02T13:42:43Z" finished-at="2015-10-02T13:45:47Z">
    <groups>
    </groups>
    <test name="TestCase 01" duration-ms="16974" started-at="2015-10-02T13:42:43Z" finished-at="2015-10-02T13:43:00Z">
      <class name="com.Demo.TestSuite.TestCase_01">
        <test-method status="PASS" signature="checkTestSkip()[pri:0, instance:com.Demo.TestSuite.TestCase_01@9a8472]" name="checkTestSkip" is-config="true" duration-ms="6" started-at="2015-10-02T19:12:43Z" finished-at="2015-10-02T19:12:43Z">
          <reporter-output>
          </reporter-output>
        </test-method> <!-- checkTestSkip -->
        <test-method status="PASS" signature="testcase01(java.lang.String, java.lang.String)[pri:0, instance:com.Demo.TestSuite.TestCase_01@9a8472]" name="testcase01" duration-ms="14974" started-at="2015-10-02T19:12:43Z" data-provider="getTestData" finished-at="2015-10-02T19:12:58Z">
          <params>
            <param index="0">
              <value>
                <![CDATA[demo@circleback.com]]>
              </value>
            </param>
            <param index="1">
              <value>
                <![CDATA[Circleback1!]]>
              </value>
            </param>
          </params>
          <reporter-output>
          </reporter-output>
        </test-method> <!-- testcase01 -->
        <test-method status="PASS" signature="reportDataSetResult()[pri:0, instance:com.Demo.TestSuite.TestCase_01@9a8472]" name="reportDataSetResult" is-config="true" duration-ms="1714" started-at="2015-10-02T19:12:58Z" finished-at="2015-10-02T19:12:59Z">
          <reporter-output>
          </reporter-output>
        </test-method> <!-- reportDataSetResult -->
        <test-method status="PASS" signature="reportTestResult()[pri:0, instance:com.Demo.TestSuite.TestCase_01@9a8472]" name="reportTestResult" is-config="true" duration-ms="202" started-at="2015-10-02T19:12:59Z" finished-at="2015-10-02T19:13:00Z">
          <reporter-output>
          </reporter-output>
        </test-method> <!-- reportTestResult -->
      </class> <!-- com.Demo.TestSuite.TestCase_01 -->
    </test> <!-- TestCase 01 -->
    <test name="TestCase 02" duration-ms="4718" started-at="2015-10-02T13:43:00Z" finished-at="2015-10-02T13:43:05Z">
      <class name="com.Demo.TestSuite.TestCase_02">
        <test-method status="PASS" signature="checkTestSkip()[pri:0, instance:com.Demo.TestSuite.TestCase_02@1a6e353]" name="checkTestSkip" is-config="true" duration-ms="7" started-at="2015-10-02T19:13:00Z" finished-at="2015-10-02T19:13:00Z">
          <reporter-output>
          </reporter-output>
        </test-method> <!-- checkTestSkip -->
        <test-method status="PASS" signature="testcase02()[pri:0, instance:com.Demo.TestSuite.TestCase_02@1a6e353]" name="testcase02" duration-ms="4407" started-at="2015-10-02T19:13:00Z" finished-at="2015-10-02T19:13:04Z">
          <reporter-output>
          </reporter-output>
        </test-method> <!-- testcase02 -->
        <test-method status="PASS" signature="reportDataSetResult()[pri:0, instance:com.Demo.TestSuite.TestCase_02@1a6e353]" name="reportDataSetResult" is-config="true" duration-ms="96" started-at="2015-10-02T19:13:04Z" finished-at="2015-10-02T19:13:04Z">
          <reporter-output>
          </reporter-output>
        </test-method> <!-- reportDataSetResult -->
        <test-method status="PASS" signature="reportTestResult()[pri:0, instance:com.Demo.TestSuite.TestCase_02@1a6e353]" name="reportTestResult" is-config="true" duration-ms="204" started-at="2015-10-02T19:13:04Z" finished-at="2015-10-02T19:13:05Z">
          <reporter-output>
          </reporter-output>
        </test-method> <!-- reportTestResult -->
      </class> <!-- com.Demo.TestSuite.TestCase_02 -->
    </test> <!-- TestCase 02 -->
    <test name="TestCase 03" duration-ms="4686" started-at="2015-10-02T13:43:05Z" finished-at="2015-10-02T13:43:09Z">
      <class name="com.Demo.TestSuite.TestCase_03">
        <test-method status="PASS" signature="checkTestSkip()[pri:0, instance:com.Demo.TestSuite.TestCase_03@6e6d5e]" name="checkTestSkip" is-config="true" duration-ms="8" started-at="2015-10-02T19:13:05Z" finished-at="2015-10-02T19:13:05Z">
          <reporter-output>
          </reporter-output>
        </test-method> <!-- checkTestSkip -->
        <test-method status="FAIL" signature="TestCase03()[pri:0, instance:com.Demo.TestSuite.TestCase_03@6e6d5e]" name="TestCase03" duration-ms="4383" started-at="2015-10-02T19:13:05Z" finished-at="2015-10-02T19:13:09Z">
          <exception class="org.openqa.selenium.InvalidSelectorException">
            <message>
              <![CDATA[invalid selector: The result of the xpath expression "//*[@id='header']/div[1]/h3/text()" is: [object Text]. It should be an element.
  (Session info: chrome=45.0.2454.101)
  (Driver info: chromedriver=2.7.236900,platform=Windows NT 6.1 SP1 x86) (WARNING: The server did not provide any stacktrace information)
Command duration or timeout: 111 milliseconds
For documentation on this error, please visit: http://seleniumhq.org/exceptions/invalid_selector_exception.html
Build info: version: '2.46.0', revision: '87c69e2', time: '2015-06-04 16:17:10'
System info: host: 'DMI-LAPTOP3', ip: '192.168.180.1', os.name: 'Windows 7', os.arch: 'x86', os.version: '6.1', java.version: '1.8.0_60'
Driver info: org.openqa.selenium.chrome.ChromeDriver
Capabilities [{applicationCacheEnabled=false, rotatable=false, chrome={userDataDir=C:\Users\admin\AppData\Local\Temp\scoped_dir3328_661}, takesHeapSnapshot=true, databaseEnabled=false, handlesAlerts=true, version=45.0.2454.101, platform=XP, browserConnectionEnabled=false, nativeEvents=true, acceptSslCerts=true, locationContextEnabled=true, webStorageEnabled=true, browserName=chrome, takesScreenshot=true, javascriptEnabled=true, cssSelectorsEnabled=true}]
Session ID: 5af233e3df436e16eb709cde92154efb
*** Element info: {Using=xpath, value=//*[@id='header']/div[1]/h3/text()}]]>
            </message>
            <full-stacktrace>
              <![CDATA[org.openqa.selenium.InvalidSelectorException: invalid selector: The result of the xpath expression "//*[@id='header']/div[1]/h3/text()" is: [object Text]. It should be an element.
  (Session info: chrome=45.0.2454.101)
  (Driver info: chromedriver=2.7.236900,platform=Windows NT 6.1 SP1 x86) (WARNING: The server did not provide any stacktrace information)
Command duration or timeout: 111 milliseconds
For documentation on this error, please visit: http://seleniumhq.org/exceptions/invalid_selector_exception.html
Build info: version: '2.46.0', revision: '87c69e2', time: '2015-06-04 16:17:10'
System info: host: 'DMI-LAPTOP3', ip: '192.168.180.1', os.name: 'Windows 7', os.arch: 'x86', os.version: '6.1', java.version: '1.8.0_60'
Driver info: org.openqa.selenium.chrome.ChromeDriver
Capabilities [{applicationCacheEnabled=false, rotatable=false, chrome={userDataDir=C:\Users\admin\AppData\Local\Temp\scoped_dir3328_661}, takesHeapSnapshot=true, databaseEnabled=false, handlesAlerts=true, version=45.0.2454.101, platform=XP, browserConnectionEnabled=false, nativeEvents=true, acceptSslCerts=true, locationContextEnabled=true, webStorageEnabled=true, browserName=chrome, takesScreenshot=true, javascriptEnabled=true, cssSelectorsEnabled=true}]
Session ID: 5af233e3df436e16eb709cde92154efb
*** Element info: {Using=xpath, value=//*[@id='header']/div[1]/h3/text()}
	at sun.reflect.NativeConstructorAccessorImpl.newInstance0(Native Method)
	at sun.reflect.NativeConstructorAccessorImpl.newInstance(Unknown Source)
	at sun.reflect.DelegatingConstructorAccessorImpl.newInstance(Unknown Source)
	at java.lang.reflect.Constructor.newInstance(Unknown Source)
	at org.openqa.selenium.remote.ErrorHandler.createThrowable(ErrorHandler.java:204)
	at org.openqa.selenium.remote.ErrorHandler.throwIfResponseFailed(ErrorHandler.java:156)
	at org.openqa.selenium.remote.RemoteWebDriver.execute(RemoteWebDriver.java:605)
	at org.openqa.selenium.remote.RemoteWebDriver.findElement(RemoteWebDriver.java:358)
	at org.openqa.selenium.remote.RemoteWebDriver.findElementByXPath(RemoteWebDriver.java:455)
	at org.openqa.selenium.By$ByXPath.findElement(By.java:358)
	at org.openqa.selenium.remote.RemoteWebDriver.findElement(RemoteWebDriver.java:350)
	at sun.reflect.NativeMethodAccessorImpl.invoke0(Native Method)
	at sun.reflect.NativeMethodAccessorImpl.invoke(Unknown Source)
	at sun.reflect.DelegatingMethodAccessorImpl.invoke(Unknown Source)
	at java.lang.reflect.Method.invoke(Unknown Source)
	at org.openqa.selenium.support.events.EventFiringWebDriver$2.invoke(EventFiringWebDriver.java:102)
	at com.sun.proxy.$Proxy9.findElement(Unknown Source)
	at org.openqa.selenium.support.events.EventFiringWebDriver.findElement(EventFiringWebDriver.java:185)
	at com.Demo.TestSuite.TestCase_03.TestCase03(TestCase_03.java:53)
	at sun.reflect.NativeMethodAccessorImpl.invoke0(Native Method)
	at sun.reflect.NativeMethodAccessorImpl.invoke(Unknown Source)
	at sun.reflect.DelegatingMethodAccessorImpl.invoke(Unknown Source)
	at java.lang.reflect.Method.invoke(Unknown Source)
	at org.testng.internal.MethodInvocationHelper.invokeMethod(MethodInvocationHelper.java:84)
	at org.testng.internal.Invoker.invokeMethod(Invoker.java:714)
	at org.testng.internal.Invoker.invokeTestMethod(Invoker.java:901)
	at org.testng.internal.Invoker.invokeTestMethods(Invoker.java:1231)
	at org.testng.internal.TestMethodWorker.invokeTestMethods(TestMethodWorker.java:127)
	at org.testng.internal.TestMethodWorker.run(TestMethodWorker.java:111)
	at org.testng.TestRunner.privateRun(TestRunner.java:767)
	at org.testng.TestRunner.run(TestRunner.java:617)
	at org.testng.SuiteRunner.runTest(SuiteRunner.java:334)
	at org.testng.SuiteRunner.runSequentially(SuiteRunner.java:329)
	at org.testng.SuiteRunner.privateRun(SuiteRunner.java:291)
	at org.testng.SuiteRunner.run(SuiteRunner.java:240)
	at org.testng.SuiteRunnerWorker.runSuite(SuiteRunnerWorker.java:52)
	at org.testng.SuiteRunnerWorker.run(SuiteRunnerWorker.java:86)
	at org.testng.TestNG.runSuitesSequentially(TestNG.java:1224)
	at org.testng.TestNG.runSuitesSequentially(TestNG.java:1220)
	at org.testng.TestNG.runSuitesLocally(TestNG.java:1149)
	at org.testng.TestNG.run(TestNG.java:1057)
	at org.testng.remote.RemoteTestNG.run(RemoteTestNG.java:111)
	at org.testng.remote.RemoteTestNG.initAndRun(RemoteTestNG.java:204)
	at org.testng.remote.RemoteTestNG.main(RemoteTestNG.java:175)
]]>
            </full-stacktrace>
          </exception> <!-- org.openqa.selenium.InvalidSelectorException -->
          <reporter-output>
          </reporter-output>
        </test-method> <!-- TestCase03 -->
        <test-method status="PASS" signature="reportDataSetResult()[pri:0, instance:com.Demo.TestSuite.TestCase_03@6e6d5e]" name="reportDataSetResult" is-config="true" duration-ms="92" started-at="2015-10-02T19:13:09Z" finished-at="2015-10-02T19:13:09Z">
          <reporter-output>
          </reporter-output>
        </test-method> <!-- reportDataSetResult -->
        <test-method status="PASS" signature="reportTestResult()[pri:0, instance:com.Demo.TestSuite.TestCase_03@6e6d5e]" name="reportTestResult" is-config="true" duration-ms="157" started-at="2015-10-02T19:13:09Z" finished-at="2015-10-02T19:13:09Z">
          <reporter-output>
          </reporter-output>
        </test-method> <!-- reportTestResult -->
      </class> <!-- com.Demo.TestSuite.TestCase_03 -->
    </test> <!-- TestCase 03 -->
    <test name="TestCase 04" duration-ms="821" started-at="2015-10-02T13:43:09Z" finished-at="2015-10-02T13:43:10Z">
      <class name="com.Demo.TestSuite.TestCase_04">
        <test-method status="PASS" signature="checkTestSkip()[pri:0, instance:com.Demo.TestSuite.TestCase_04@1690630]" name="checkTestSkip" is-config="true" duration-ms="7" started-at="2015-10-02T19:13:09Z" finished-at="2015-10-02T19:13:09Z">
          <reporter-output>
          </reporter-output>
        </test-method> <!-- checkTestSkip -->
        <test-method status="PASS" signature="TestCase04()[pri:0, instance:com.Demo.TestSuite.TestCase_04@1690630]" name="TestCase04" duration-ms="637" started-at="2015-10-02T19:13:09Z" finished-at="2015-10-02T19:13:10Z">
          <reporter-output>
          </reporter-output>
        </test-method> <!-- TestCase04 -->
        <test-method status="PASS" signature="reportDataSetResult()[pri:0, instance:com.Demo.TestSuite.TestCase_04@1690630]" name="reportDataSetResult" is-config="true" duration-ms="62" started-at="2015-10-02T19:13:10Z" finished-at="2015-10-02T19:13:10Z">
          <reporter-output>
          </reporter-output>
        </test-method> <!-- reportDataSetResult -->
        <test-method status="PASS" signature="reportTestResult()[pri:0, instance:com.Demo.TestSuite.TestCase_04@1690630]" name="reportTestResult" is-config="true" duration-ms="111" started-at="2015-10-02T19:13:10Z" finished-at="2015-10-02T19:13:10Z">
          <reporter-output>
          </reporter-output>
        </test-method> <!-- reportTestResult -->
      </class> <!-- com.Demo.TestSuite.TestCase_04 -->
    </test> <!-- TestCase 04 -->
    <test name="TestCase 05" duration-ms="4406" started-at="2015-10-02T13:43:10Z" finished-at="2015-10-02T13:43:15Z">
      <class name="com.Demo.TestSuite.TestCase_05">
        <test-method status="PASS" signature="checkTestSkip()[pri:0, instance:com.Demo.TestSuite.TestCase_05@f71333]" name="checkTestSkip" is-config="true" duration-ms="4" started-at="2015-10-02T19:13:10Z" finished-at="2015-10-02T19:13:10Z">
          <reporter-output>
          </reporter-output>
        </test-method> <!-- checkTestSkip -->
        <test-method status="PASS" signature="TestCase05()[pri:0, instance:com.Demo.TestSuite.TestCase_05@f71333]" name="TestCase05" duration-ms="4184" started-at="2015-10-02T19:13:10Z" finished-at="2015-10-02T19:13:15Z">
          <reporter-output>
          </reporter-output>
        </test-method> <!-- TestCase05 -->
        <test-method status="PASS" signature="reportDataSetResult()[pri:0, instance:com.Demo.TestSuite.TestCase_05@f71333]" name="reportDataSetResult" is-config="true" duration-ms="82" started-at="2015-10-02T19:13:15Z" finished-at="2015-10-02T19:13:15Z">
          <reporter-output>
          </reporter-output>
        </test-method> <!-- reportDataSetResult -->
        <test-method status="PASS" signature="reportTestResult()[pri:0, instance:com.Demo.TestSuite.TestCase_05@f71333]" name="reportTestResult" is-config="true" duration-ms="133" started-at="2015-10-02T19:13:15Z" finished-at="2015-10-02T19:13:15Z">
          <reporter-output>
          </reporter-output>
        </test-method> <!-- reportTestResult -->
      </class> <!-- com.Demo.TestSuite.TestCase_05 -->
    </test> <!-- TestCase 05 -->
    <test name="TestCase 06" duration-ms="14501" started-at="2015-10-02T13:43:15Z" finished-at="2015-10-02T13:43:29Z">
      <class name="com.Demo.TestSuite.TestCase_06">
        <test-method status="PASS" signature="checkTestSkip()[pri:0, instance:com.Demo.TestSuite.TestCase_06@fb434]" name="checkTestSkip" is-config="true" duration-ms="4" started-at="2015-10-02T19:13:15Z" finished-at="2015-10-02T19:13:15Z">
          <reporter-output>
          </reporter-output>
        </test-method> <!-- checkTestSkip -->
        <test-method status="PASS" signature="TestCase06()[pri:0, instance:com.Demo.TestSuite.TestCase_06@fb434]" name="TestCase06" duration-ms="14313" started-at="2015-10-02T19:13:15Z" finished-at="2015-10-02T19:13:29Z">
          <reporter-output>
          </reporter-output>
        </test-method> <!-- TestCase06 -->
        <test-method status="PASS" signature="reportDataSetResult()[pri:0, instance:com.Demo.TestSuite.TestCase_06@fb434]" name="reportDataSetResult" is-config="true" duration-ms="69" started-at="2015-10-02T19:13:29Z" finished-at="2015-10-02T19:13:29Z">
          <reporter-output>
          </reporter-output>
        </test-method> <!-- reportDataSetResult -->
        <test-method status="PASS" signature="reportTestResult()[pri:0, instance:com.Demo.TestSuite.TestCase_06@fb434]" name="reportTestResult" is-config="true" duration-ms="113" started-at="2015-10-02T19:13:29Z" finished-at="2015-10-02T19:13:29Z">
          <reporter-output>
          </reporter-output>
        </test-method> <!-- reportTestResult -->
      </class> <!-- com.Demo.TestSuite.TestCase_06 -->
    </test> <!-- TestCase 06 -->
    <test name="TestCase 07" duration-ms="22044" started-at="2015-10-02T13:43:29Z" finished-at="2015-10-02T13:43:51Z">
      <class name="com.Demo.TestSuite.TestCase_07">
        <test-method status="PASS" signature="checkTestSkip()[pri:0, instance:com.Demo.TestSuite.TestCase_07@1f792cf]" name="checkTestSkip" is-config="true" duration-ms="3" started-at="2015-10-02T19:13:29Z" finished-at="2015-10-02T19:13:29Z">
          <reporter-output>
          </reporter-output>
        </test-method> <!-- checkTestSkip -->
        <test-method status="PASS" signature="TestCase07()[pri:0, instance:com.Demo.TestSuite.TestCase_07@1f792cf]" name="TestCase07" duration-ms="21822" started-at="2015-10-02T19:13:29Z" finished-at="2015-10-02T19:13:51Z">
          <reporter-output>
          </reporter-output>
        </test-method> <!-- TestCase07 -->
        <test-method status="PASS" signature="reportDataSetResult()[pri:0, instance:com.Demo.TestSuite.TestCase_07@1f792cf]" name="reportDataSetResult" is-config="true" duration-ms="61" started-at="2015-10-02T19:13:51Z" finished-at="2015-10-02T19:13:51Z">
          <reporter-output>
          </reporter-output>
        </test-method> <!-- reportDataSetResult -->
        <test-method status="PASS" signature="reportTestResult()[pri:0, instance:com.Demo.TestSuite.TestCase_07@1f792cf]" name="reportTestResult" is-config="true" duration-ms="155" started-at="2015-10-02T19:13:51Z" finished-at="2015-10-02T19:13:51Z">
          <reporter-output>
          </reporter-output>
        </test-method> <!-- reportTestResult -->
      </class> <!-- com.Demo.TestSuite.TestCase_07 -->
    </test> <!-- TestCase 07 -->
    <test name="TestCase 08" duration-ms="23219" started-at="2015-10-02T13:43:52Z" finished-at="2015-10-02T13:44:15Z">
      <class name="com.Demo.TestSuite.TestCase_08">
        <test-method status="PASS" signature="checkTestSkip()[pri:0, instance:com.Demo.TestSuite.TestCase_08@1550481]" name="checkTestSkip" is-config="true" duration-ms="5" started-at="2015-10-02T19:13:52Z" finished-at="2015-10-02T19:13:52Z">
          <reporter-output>
          </reporter-output>
        </test-method> <!-- checkTestSkip -->
        <test-method status="PASS" signature="TestCase08()[pri:0, instance:com.Demo.TestSuite.TestCase_08@1550481]" name="TestCase08" duration-ms="23078" started-at="2015-10-02T19:13:52Z" finished-at="2015-10-02T19:14:15Z">
          <reporter-output>
          </reporter-output>
        </test-method> <!-- TestCase08 -->
        <test-method status="PASS" signature="reportDataSetResult()[pri:0, instance:com.Demo.TestSuite.TestCase_08@1550481]" name="reportDataSetResult" is-config="true" duration-ms="45" started-at="2015-10-02T19:14:15Z" finished-at="2015-10-02T19:14:15Z">
          <reporter-output>
          </reporter-output>
        </test-method> <!-- reportDataSetResult -->
        <test-method status="PASS" signature="reportTestResult()[pri:0, instance:com.Demo.TestSuite.TestCase_08@1550481]" name="reportTestResult" is-config="true" duration-ms="88" started-at="2015-10-02T19:14:15Z" finished-at="2015-10-02T19:14:15Z">
          <reporter-output>
          </reporter-output>
        </test-method> <!-- reportTestResult -->
      </class> <!-- com.Demo.TestSuite.TestCase_08 -->
    </test> <!-- TestCase 08 -->
    <test name="TestCase 09" duration-ms="15" started-at="2015-10-02T13:44:15Z" finished-at="2015-10-02T13:44:15Z">
      <class name="com.Demo.TestSuite.TestCase_09">
        <test-method status="SKIP" signature="checkTestSkip()[pri:0, instance:com.Demo.TestSuite.TestCase_09@f9b8bc]" name="checkTestSkip" is-config="true" duration-ms="0" started-at="2015-10-02T19:14:15Z" finished-at="2015-10-02T19:14:15Z">
          <exception class="org.testng.SkipException">
            <message>
              <![CDATA[Skipping Test CaseTestCase_09 as runmode set to NO]]>
            </message>
            <full-stacktrace>
              <![CDATA[org.testng.SkipException: Skipping Test CaseTestCase_09 as runmode set to NO
	at com.Demo.TestSuite.TestCase_09.checkTestSkip(TestCase_09.java:29)
	at sun.reflect.NativeMethodAccessorImpl.invoke0(Native Method)
	at sun.reflect.NativeMethodAccessorImpl.invoke(Unknown Source)
	at sun.reflect.DelegatingMethodAccessorImpl.invoke(Unknown Source)
	at java.lang.reflect.Method.invoke(Unknown Source)
	at org.testng.internal.MethodInvocationHelper.invokeMethod(MethodInvocationHelper.java:84)
	at org.testng.internal.Invoker.invokeConfigurationMethod(Invoker.java:564)
	at org.testng.internal.Invoker.invokeConfigurations(Invoker.java:213)
	at org.testng.internal.Invoker.invokeConfigurations(Invoker.java:138)
	at org.testng.TestRunner.beforeRun(TestRunner.java:641)
	at org.testng.TestRunner.run(TestRunner.java:609)
	at org.testng.SuiteRunner.runTest(SuiteRunner.java:334)
	at org.testng.SuiteRunner.runSequentially(SuiteRunner.java:329)
	at org.testng.SuiteRunner.privateRun(SuiteRunner.java:291)
	at org.testng.SuiteRunner.run(SuiteRunner.java:240)
	at org.testng.SuiteRunnerWorker.runSuite(SuiteRunnerWorker.java:52)
	at org.testng.SuiteRunnerWorker.run(SuiteRunnerWorker.java:86)
	at org.testng.TestNG.runSuitesSequentially(TestNG.java:1224)
	at org.testng.TestNG.runSuitesSequentially(TestNG.java:1220)
	at org.testng.TestNG.runSuitesLocally(TestNG.java:1149)
	at org.testng.TestNG.run(TestNG.java:1057)
	at org.testng.remote.RemoteTestNG.run(RemoteTestNG.java:111)
	at org.testng.remote.RemoteTestNG.initAndRun(RemoteTestNG.java:204)
	at org.testng.remote.RemoteTestNG.main(RemoteTestNG.java:175)
]]>
            </full-stacktrace>
          </exception> <!-- org.testng.SkipException -->
          <reporter-output>
          </reporter-output>
        </test-method> <!-- checkTestSkip -->
        <test-method status="SKIP" signature="TestCase09()[pri:0, instance:com.Demo.TestSuite.TestCase_09@f9b8bc]" name="TestCase09" duration-ms="1" started-at="2015-10-02T19:14:15Z" finished-at="2015-10-02T19:14:15Z">
          <reporter-output>
          </reporter-output>
        </test-method> <!-- TestCase09 -->
        <test-method status="SKIP" signature="reportDataSetResult()[pri:0, instance:com.Demo.TestSuite.TestCase_09@f9b8bc]" name="reportDataSetResult" is-config="true" duration-ms="0" started-at="2015-10-02T19:14:15Z" finished-at="2015-10-02T19:14:15Z">
          <reporter-output>
          </reporter-output>
        </test-method> <!-- reportDataSetResult -->
        <test-method status="SKIP" signature="reportTestResult()[pri:0, instance:com.Demo.TestSuite.TestCase_09@f9b8bc]" name="reportTestResult" is-config="true" duration-ms="0" started-at="2015-10-02T19:14:15Z" finished-at="2015-10-02T19:14:15Z">
          <reporter-output>
          </reporter-output>
        </test-method> <!-- reportTestResult -->
      </class> <!-- com.Demo.TestSuite.TestCase_09 -->
    </test> <!-- TestCase 09 -->
    <test name="TestCase 10" duration-ms="25232" started-at="2015-10-02T13:44:15Z" finished-at="2015-10-02T13:44:40Z">
      <class name="com.Demo.TestSuite.TestCase_10">
        <test-method status="PASS" signature="checkTestSkip()[pri:0, instance:com.Demo.TestSuite.TestCase_10@1b52d12]" name="checkTestSkip" is-config="true" duration-ms="4" started-at="2015-10-02T19:14:15Z" finished-at="2015-10-02T19:14:15Z">
          <reporter-output>
          </reporter-output>
        </test-method> <!-- checkTestSkip -->
        <test-method status="PASS" signature="TestCase10()[pri:0, instance:com.Demo.TestSuite.TestCase_10@1b52d12]" name="TestCase10" duration-ms="24962" started-at="2015-10-02T19:14:15Z" finished-at="2015-10-02T19:14:40Z">
          <reporter-output>
          </reporter-output>
        </test-method> <!-- TestCase10 -->
        <test-method status="PASS" signature="reportDataSetResult()[pri:0, instance:com.Demo.TestSuite.TestCase_10@1b52d12]" name="reportDataSetResult" is-config="true" duration-ms="131" started-at="2015-10-02T19:14:40Z" finished-at="2015-10-02T19:14:40Z">
          <reporter-output>
          </reporter-output>
        </test-method> <!-- reportDataSetResult -->
        <test-method status="PASS" signature="reportTestResult()[pri:0, instance:com.Demo.TestSuite.TestCase_10@1b52d12]" name="reportTestResult" is-config="true" duration-ms="131" started-at="2015-10-02T19:14:40Z" finished-at="2015-10-02T19:14:40Z">
          <reporter-output>
          </reporter-output>
        </test-method> <!-- reportTestResult -->
      </class> <!-- com.Demo.TestSuite.TestCase_10 -->
    </test> <!-- TestCase 10 -->
    <test name="TestCase 11" duration-ms="23797" started-at="2015-10-02T13:44:40Z" finished-at="2015-10-02T13:45:04Z">
      <class name="com.Demo.TestSuite.TestCase_11">
        <test-method status="PASS" signature="checkTestSkip()[pri:0, instance:com.Demo.TestSuite.TestCase_11@7f6473]" name="checkTestSkip" is-config="true" duration-ms="8" started-at="2015-10-02T19:14:40Z" finished-at="2015-10-02T19:14:40Z">
          <reporter-output>
          </reporter-output>
        </test-method> <!-- checkTestSkip -->
        <test-method status="PASS" signature="TestCase11()[pri:0, instance:com.Demo.TestSuite.TestCase_11@7f6473]" name="TestCase11" duration-ms="23499" started-at="2015-10-02T19:14:40Z" finished-at="2015-10-02T19:15:04Z">
          <reporter-output>
          </reporter-output>
        </test-method> <!-- TestCase11 -->
        <test-method status="PASS" signature="reportDataSetResult()[pri:0, instance:com.Demo.TestSuite.TestCase_11@7f6473]" name="reportDataSetResult" is-config="true" duration-ms="93" started-at="2015-10-02T19:15:04Z" finished-at="2015-10-02T19:15:04Z">
          <reporter-output>
          </reporter-output>
        </test-method> <!-- reportDataSetResult -->
        <test-method status="PASS" signature="reportTestResult()[pri:0, instance:com.Demo.TestSuite.TestCase_11@7f6473]" name="reportTestResult" is-config="true" duration-ms="193" started-at="2015-10-02T19:15:04Z" finished-at="2015-10-02T19:15:04Z">
          <reporter-output>
          </reporter-output>
        </test-method> <!-- reportTestResult -->
      </class> <!-- com.Demo.TestSuite.TestCase_11 -->
    </test> <!-- TestCase 11 -->
    <test name="TestCase 12" duration-ms="20123" started-at="2015-10-02T13:45:04Z" finished-at="2015-10-02T13:45:24Z">
      <class name="com.Demo.TestSuite.TestCase_12">
        <test-method status="PASS" signature="checkTestSkip()[pri:0, instance:com.Demo.TestSuite.TestCase_12@17c74e5]" name="checkTestSkip" is-config="true" duration-ms="3" started-at="2015-10-02T19:15:04Z" finished-at="2015-10-02T19:15:04Z">
          <reporter-output>
          </reporter-output>
        </test-method> <!-- checkTestSkip -->
        <test-method status="PASS" signature="TestCase12()[pri:0, instance:com.Demo.TestSuite.TestCase_12@17c74e5]" name="TestCase12" duration-ms="19897" started-at="2015-10-02T19:15:04Z" finished-at="2015-10-02T19:15:24Z">
          <reporter-output>
          </reporter-output>
        </test-method> <!-- TestCase12 -->
        <test-method status="PASS" signature="reportDataSetResult()[pri:0, instance:com.Demo.TestSuite.TestCase_12@17c74e5]" name="reportDataSetResult" is-config="true" duration-ms="114" started-at="2015-10-02T19:15:24Z" finished-at="2015-10-02T19:15:24Z">
          <reporter-output>
          </reporter-output>
        </test-method> <!-- reportDataSetResult -->
        <test-method status="PASS" signature="reportTestResult()[pri:0, instance:com.Demo.TestSuite.TestCase_12@17c74e5]" name="reportTestResult" is-config="true" duration-ms="103" started-at="2015-10-02T19:15:24Z" finished-at="2015-10-02T19:15:24Z">
          <reporter-output>
          </reporter-output>
        </test-method> <!-- reportTestResult -->
      </class> <!-- com.Demo.TestSuite.TestCase_12 -->
    </test> <!-- TestCase 12 -->
    <test name="TestCase 13" duration-ms="19694" started-at="2015-10-02T13:45:24Z" finished-at="2015-10-02T13:45:44Z">
      <class name="com.Demo.TestSuite.TestCase_13">
        <test-method status="PASS" signature="checkTestSkip()[pri:0, instance:com.Demo.TestSuite.TestCase_13@25790e]" name="checkTestSkip" is-config="true" duration-ms="4" started-at="2015-10-02T19:15:24Z" finished-at="2015-10-02T19:15:24Z">
          <reporter-output>
          </reporter-output>
        </test-method> <!-- checkTestSkip -->
        <test-method status="PASS" signature="TestCase13()[pri:0, instance:com.Demo.TestSuite.TestCase_13@25790e]" name="TestCase13" duration-ms="19507" started-at="2015-10-02T19:15:24Z" finished-at="2015-10-02T19:15:44Z">
          <reporter-output>
          </reporter-output>
        </test-method> <!-- TestCase13 -->
        <test-method status="PASS" signature="reportDataSetResult()[pri:0, instance:com.Demo.TestSuite.TestCase_13@25790e]" name="reportDataSetResult" is-config="true" duration-ms="42" started-at="2015-10-02T19:15:44Z" finished-at="2015-10-02T19:15:44Z">
          <reporter-output>
          </reporter-output>
        </test-method> <!-- reportDataSetResult -->
        <test-method status="PASS" signature="reportTestResult()[pri:0, instance:com.Demo.TestSuite.TestCase_13@25790e]" name="reportTestResult" is-config="true" duration-ms="138" started-at="2015-10-02T19:15:44Z" finished-at="2015-10-02T19:15:44Z">
          <reporter-output>
          </reporter-output>
        </test-method> <!-- reportTestResult -->
      </class> <!-- com.Demo.TestSuite.TestCase_13 -->
    </test> <!-- TestCase 13 -->
    <test name="TestCase 14" duration-ms="2964" started-at="2015-10-02T13:45:44Z" finished-at="2015-10-02T13:45:47Z">
      <class name="com.Demo.TestSuite.TestCase_14">
        <test-method status="PASS" signature="checkSuiteSkip()[pri:0, instance:com.Demo.TestSuite.TestCase_14@9f9fb0]" name="checkSuiteSkip" is-config="true" duration-ms="21607" started-at="2015-10-02T19:12:21Z" finished-at="2015-10-02T19:12:43Z">
          <reporter-output>
          </reporter-output>
        </test-method> <!-- checkSuiteSkip -->
        <test-method status="PASS" signature="checkTestSkip()[pri:0, instance:com.Demo.TestSuite.TestCase_14@9f9fb0]" name="checkTestSkip" is-config="true" duration-ms="3" started-at="2015-10-02T19:15:44Z" finished-at="2015-10-02T19:15:44Z">
          <reporter-output>
          </reporter-output>
        </test-method> <!-- checkTestSkip -->
        <test-method status="PASS" signature="TestCase14()[pri:0, instance:com.Demo.TestSuite.TestCase_14@9f9fb0]" name="TestCase14" duration-ms="2807" started-at="2015-10-02T19:15:44Z" finished-at="2015-10-02T19:15:47Z">
          <reporter-output>
          </reporter-output>
        </test-method> <!-- TestCase14 -->
        <test-method status="PASS" signature="reportDataSetResult()[pri:0, instance:com.Demo.TestSuite.TestCase_14@9f9fb0]" name="reportDataSetResult" is-config="true" duration-ms="60" started-at="2015-10-02T19:15:47Z" finished-at="2015-10-02T19:15:47Z">
          <reporter-output>
          </reporter-output>
        </test-method> <!-- reportDataSetResult -->
        <test-method status="PASS" signature="reportTestResult()[pri:0, instance:com.Demo.TestSuite.TestCase_14@9f9fb0]" name="reportTestResult" is-config="true" duration-ms="93" started-at="2015-10-02T19:15:47Z" finished-at="2015-10-02T19:15:47Z">
          <reporter-output>
          </reporter-output>
        </test-method> <!-- reportTestResult -->
      </class> <!-- com.Demo.TestSuite.TestCase_14 -->
    </test> <!-- TestCase 14 -->
  </suite> <!-- Suite Demo -->
</testng-results>
